<?xml version="1.0" encoding="UTF-8"?>
<testng-results skipped="0" failed="0" total="1" passed="1">
  <reporter-output>
  </reporter-output>
  <suite name="Default suite" duration-ms="4064" started-at="2017-12-14T12:04:17Z" finished-at="2017-12-14T12:04:21Z">
    <groups>
    </groups>
    <test name="Default test" duration-ms="4064" started-at="2017-12-14T12:04:17Z" finished-at="2017-12-14T12:04:21Z">
      <class name="test.java.TestNG">
        <test-method status="PASS" signature="beforeSuite()[pri:0, instance:test.java.TestNG@c038203]" name="beforeSuite" is-config="true" duration-ms="2873" started-at="2017-12-14T23:04:14Z" finished-at="2017-12-14T23:04:17Z">
          <reporter-output>
          </reporter-output>
        </test-method> <!-- beforeSuite -->
        <test-method status="PASS" signature="Test()[pri:0, instance:test.java.TestNG@c038203]" name="Test" duration-ms="4049" started-at="2017-12-14T23:04:17Z" finished-at="2017-12-14T23:04:21Z">
          <reporter-output>
          </reporter-output>
        </test-method> <!-- Test -->
        <test-method status="PASS" signature="afterSuite()[pri:0, instance:test.java.TestNG@c038203]" name="afterSuite" is-config="true" duration-ms="1196" started-at="2017-12-14T23:04:21Z" finished-at="2017-12-14T23:04:23Z">
          <reporter-output>
          </reporter-output>
        </test-method> <!-- afterSuite -->
      </class> <!-- test.java.TestNG -->
    </test> <!-- Default test -->
  </suite> <!-- Default suite -->
</testng-results>
